app/build/intermediates/manifest_merge_blame_file/debug/manifest-merger-blame-debug-report.txt
1<?xml version="1.0" encoding="utf-8"?>
2<manifest xmlns:android="http://schemas.android.com/apk/res/android"
3    package="com.victorcruz.parking"
4    android:versionCode="1"
5    android:versionName="1.0" >
6
7    <uses-sdk
8        android:minSdkVersion="23"
8-->src/main/AndroidManifest.xml
9        android:targetSdkVersion="30" />
9-->src/main/AndroidManifest.xml
10    <!--
11         The ACCESS_COARSE/FINE_LOCATION permissions are not required to use
12         Google Maps Android API v2, but you must specify either coarse or fine
13         location permissions for the "MyLocation" functionality.
14    -->
15    <uses-permission android:name="android.permission.ACCESS_FINE_LOCATION" />
15-->src/main/AndroidManifest.xml:9:5-79
15-->src/main/AndroidManifest.xml:9:22-76
16    <uses-permission android:name="android.permission.READ_EXTERNAL_STORAGE" />
16-->src/main/AndroidManifest.xml:10:5-80
16-->src/main/AndroidManifest.xml:10:22-77
17    <!--
18         The ACCESS_COARSE/FINE_LOCATION permissions are not required to use
19         Google Maps Android API v2, but you must specify either coarse or fine
20         location permissions for the "MyLocation" functionality.
21    -->
22    <uses-permission android:name="android.permission.INTERNET" />
22-->src/main/AndroidManifest.xml:16:5-67
22-->src/main/AndroidManifest.xml:16:22-64
23    <uses-permission android:name="android.permission.ACCESS_COARSE_LOCATION" />
23-->src/main/AndroidManifest.xml:17:5-81
23-->src/main/AndroidManifest.xml:17:22-78
24    <uses-permission android:name="android.permission.ACCESS_NETWORK_STATE" />
24-->[com.firebaseui:firebase-ui-auth:7.2.0] AndroidManifest.xml:12:5-79
24-->[com.firebaseui:firebase-ui-auth:7.2.0] AndroidManifest.xml:12:22-76
25
26    <uses-feature
26-->[com.google.android.gms:play-services-maps:18.0.0] AndroidManifest.xml:26:5-28:35
27        android:glEsVersion="0x00020000"
27-->[com.google.android.gms:play-services-maps:18.0.0] AndroidManifest.xml:27:9-41
28        android:required="true" />
28-->[com.google.android.gms:play-services-maps:18.0.0] AndroidManifest.xml:28:9-32
29
30    <queries>
30-->[com.google.android.gms:play-services-maps:18.0.0] AndroidManifest.xml:30:5-34:15
31
32        <!-- Needs to be explicitly declared on Android R+ -->
33        <package android:name="com.google.android.apps.maps" />
33-->[com.google.android.gms:play-services-maps:18.0.0] AndroidManifest.xml:33:9-64
33-->[com.google.android.gms:play-services-maps:18.0.0] AndroidManifest.xml:33:18-61
34    </queries>
35
36    <uses-permission android:name="android.permission.CAMERA" /> <!-- Don't require camera, as this requires a rear camera. This allows it to work on the Nexus 7 -->
36-->[com.journeyapps:zxing-android-embedded:3.4.0] AndroidManifest.xml:21:5-65
36-->[com.journeyapps:zxing-android-embedded:3.4.0] AndroidManifest.xml:21:22-62
37    <uses-feature
37-->[com.journeyapps:zxing-android-embedded:3.4.0] AndroidManifest.xml:24:5-26:36
38        android:name="android.hardware.camera"
38-->[com.journeyapps:zxing-android-embedded:3.4.0] AndroidManifest.xml:25:9-47
39        android:required="false" />
39-->[com.journeyapps:zxing-android-embedded:3.4.0] AndroidManifest.xml:26:9-33
40    <uses-feature
40-->[com.journeyapps:zxing-android-embedded:3.4.0] AndroidManifest.xml:27:5-29:36
41        android:name="android.hardware.camera.front"
41-->[com.journeyapps:zxing-android-embedded:3.4.0] AndroidManifest.xml:28:9-53
42        android:required="false" /> <!-- TODO replace above two with next line after Android 4.2 -->
42-->[com.journeyapps:zxing-android-embedded:3.4.0] AndroidManifest.xml:29:9-33
43    <!-- <uses-feature android:name="android.hardware.camera.any"/> -->
44    <uses-feature
44-->[com.journeyapps:zxing-android-embedded:3.4.0] AndroidManifest.xml:32:5-34:36
45        android:name="android.hardware.camera.autofocus"
45-->[com.journeyapps:zxing-android-embedded:3.4.0] AndroidManifest.xml:33:9-57
46        android:required="false" />
46-->[com.journeyapps:zxing-android-embedded:3.4.0] AndroidManifest.xml:34:9-33
47    <uses-feature
47-->[com.journeyapps:zxing-android-embedded:3.4.0] AndroidManifest.xml:35:5-37:36
48        android:name="android.hardware.camera.flash"
48-->[com.journeyapps:zxing-android-embedded:3.4.0] AndroidManifest.xml:36:9-53
49        android:required="false" />
49-->[com.journeyapps:zxing-android-embedded:3.4.0] AndroidManifest.xml:37:9-33
50    <uses-feature
50-->[com.journeyapps:zxing-android-embedded:3.4.0] AndroidManifest.xml:38:5-40:36
51        android:name="android.hardware.screen.landscape"
51-->[com.journeyapps:zxing-android-embedded:3.4.0] AndroidManifest.xml:39:9-57
52        android:required="false" />
52-->[com.journeyapps:zxing-android-embedded:3.4.0] AndroidManifest.xml:40:9-33
53    <uses-feature
53-->[com.journeyapps:zxing-android-embedded:3.4.0] AndroidManifest.xml:41:5-43:36
54        android:name="android.hardware.wifi"
54-->[com.journeyapps:zxing-android-embedded:3.4.0] AndroidManifest.xml:42:9-45
55        android:required="false" />
55-->[com.journeyapps:zxing-android-embedded:3.4.0] AndroidManifest.xml:43:9-33
56
57    <uses-permission android:name="android.permission.WAKE_LOCK" />
57-->[com.google.android.gms:play-services-measurement-api:19.0.2] AndroidManifest.xml:24:5-68
57-->[com.google.android.gms:play-services-measurement-api:19.0.2] AndroidManifest.xml:24:22-65
58    <uses-permission android:name="com.google.android.finsky.permission.BIND_GET_INSTALL_REFERRER_SERVICE" />
58-->[com.google.android.gms:play-services-measurement:19.0.2] AndroidManifest.xml:26:5-110
58-->[com.google.android.gms:play-services-measurement:19.0.2] AndroidManifest.xml:26:22-107
59
60    <application
60-->src/main/AndroidManifest.xml:19:5-79:19
61        android:allowBackup="true"
61-->src/main/AndroidManifest.xml:20:9-35
62        android:appComponentFactory="androidx.core.app.CoreComponentFactory"
62-->[androidx.core:core:1.3.2] AndroidManifest.xml:24:18-86
63        android:debuggable="true"
64        android:extractNativeLibs="false"
65        android:icon="@mipmap/ic_bien_cuidado"
65-->src/main/AndroidManifest.xml:21:9-47
66        android:label="@string/app_name"
66-->src/main/AndroidManifest.xml:22:9-41
67        android:roundIcon="@mipmap/ic_bien_cuidado_round"
67-->src/main/AndroidManifest.xml:23:9-58
68        android:supportsRtl="true"
68-->src/main/AndroidManifest.xml:24:9-35
69        android:testOnly="true"
70        android:theme="@style/AppTheme" >
70-->src/main/AndroidManifest.xml:25:9-40
71        <activity
71-->src/main/AndroidManifest.xml:26:9-29:39
72            android:name="com.victorcruz.parking.Reservas"
72-->src/main/AndroidManifest.xml:27:13-37
73            android:exported="false"
73-->src/main/AndroidManifest.xml:28:13-37
74            android:label="Reservas" />
74-->src/main/AndroidManifest.xml:29:13-37
75        <activity
75-->src/main/AndroidManifest.xml:30:9-33:39
76            android:name="com.victorcruz.parking.ListaParqueo"
76-->src/main/AndroidManifest.xml:31:13-41
77            android:exported="false"
77-->src/main/AndroidManifest.xml:32:13-37
78            android:label="Parqueos" />
78-->src/main/AndroidManifest.xml:33:13-37
79        <activity
79-->src/main/AndroidManifest.xml:34:9-43:20
80            android:name="com.victorcruz.parking.PantallaBienvenida"
80-->src/main/AndroidManifest.xml:35:13-47
81            android:theme="@style/AppTheme2" >
81-->src/main/AndroidManifest.xml:36:13-45
82            <intent-filter>
82-->src/main/AndroidManifest.xml:38:13-42:29
83                <action android:name="android.intent.action.MAIN" />
83-->src/main/AndroidManifest.xml:39:17-69
83-->src/main/AndroidManifest.xml:39:25-66
84
85                <category android:name="android.intent.category.LAUNCHER" />
85-->src/main/AndroidManifest.xml:41:17-77
85-->src/main/AndroidManifest.xml:41:27-74
86            </intent-filter>
87        </activity>
88
89        <!--
90             The API key for Google Maps-based APIs is defined as a string resource.
91             (See the file "res/values/google_maps_api.xml").
92             Note that the API key is linked to the encryption key used to sign the APK.
93             You need a different API key for each encryption key, including the release key that is used to
94             sign the APK for publishing.
95             You can define the keys for the debug and release targets in src/debug/ and src/release/.
96        -->
97        <meta-data
97-->src/main/AndroidManifest.xml:53:9-55:55
98            android:name="com.google.android.geo.API_KEY"
98-->src/main/AndroidManifest.xml:54:13-58
99            android:value="@string/google_maps_key" />
99-->src/main/AndroidManifest.xml:55:13-52
100        <meta-data
100-->src/main/AndroidManifest.xml:56:9-58:57
101            android:name="preloaded_fonts"
101-->src/main/AndroidManifest.xml:57:13-43
102            android:resource="@array/preloaded_fonts" />
102-->src/main/AndroidManifest.xml:58:13-54
103
104        <activity
104-->src/main/AndroidManifest.xml:60:9-63:59
105            android:name="com.victorcruz.parking.MapsActivity"
105-->src/main/AndroidManifest.xml:61:13-41
106            android:exported="false"
106-->src/main/AndroidManifest.xml:62:13-37
107            android:label="@string/title_activity_maps" />
107-->src/main/AndroidManifest.xml:63:13-56
108
109        <uses-library android:name="com.google.android.maps" />
109-->src/main/AndroidManifest.xml:65:9-64
109-->src/main/AndroidManifest.xml:65:23-61
110
111        <activity
111-->src/main/AndroidManifest.xml:67:9-69:40
112            android:name="com.victorcruz.parking.Registro"
112-->src/main/AndroidManifest.xml:68:13-37
113            android:exported="false" />
113-->src/main/AndroidManifest.xml:69:13-37
114        <activity android:name="com.victorcruz.parking.MainActivity" >
114-->src/main/AndroidManifest.xml:70:9-72:20
114-->src/main/AndroidManifest.xml:70:19-47
115        </activity>
116
117        <uses-library
117-->src/main/AndroidManifest.xml:74:9-76:40
118            android:name="org.apache.http.legacy"
118-->src/main/AndroidManifest.xml:75:13-50
119            android:required="false" />
119-->src/main/AndroidManifest.xml:76:13-37
120
121        <meta-data
121-->[com.firebaseui:firebase-ui-auth:7.2.0] AndroidManifest.xml:16:9-18:69
122            android:name="com.google.android.gms.version"
122-->[com.firebaseui:firebase-ui-auth:7.2.0] AndroidManifest.xml:17:13-58
123            android:value="@integer/google_play_services_version" />
123-->[com.firebaseui:firebase-ui-auth:7.2.0] AndroidManifest.xml:18:13-66
124        <meta-data
124-->[com.firebaseui:firebase-ui-auth:7.2.0] AndroidManifest.xml:19:9-21:63
125            android:name="com.facebook.sdk.ApplicationId"
125-->[com.firebaseui:firebase-ui-auth:7.2.0] AndroidManifest.xml:20:13-58
126            android:value="@string/facebook_application_id" />
126-->[com.firebaseui:firebase-ui-auth:7.2.0] AndroidManifest.xml:21:13-60
127
128        <activity
128-->[com.firebaseui:firebase-ui-auth:7.2.0] AndroidManifest.xml:23:9-27:61
129            android:name="com.firebase.ui.auth.KickoffActivity"
129-->[com.firebaseui:firebase-ui-auth:7.2.0] AndroidManifest.xml:24:13-64
130            android:exported="false"
130-->[com.firebaseui:firebase-ui-auth:7.2.0] AndroidManifest.xml:25:13-37
131            android:label=""
131-->[com.firebaseui:firebase-ui-auth:7.2.0] AndroidManifest.xml:26:13-29
132            android:theme="@style/FirebaseUI.Transparent" />
132-->[com.firebaseui:firebase-ui-auth:7.2.0] AndroidManifest.xml:27:13-58
133        <activity
133-->[com.firebaseui:firebase-ui-auth:7.2.0] AndroidManifest.xml:28:9-32:61
134            android:name="com.firebase.ui.auth.ui.idp.SingleSignInActivity"
134-->[com.firebaseui:firebase-ui-auth:7.2.0] AndroidManifest.xml:29:13-76
135            android:exported="false"
135-->[com.firebaseui:firebase-ui-auth:7.2.0] AndroidManifest.xml:30:13-37
136            android:label=""
136-->[com.firebaseui:firebase-ui-auth:7.2.0] AndroidManifest.xml:31:13-29
137            android:theme="@style/FirebaseUI.Transparent" />
137-->[com.firebaseui:firebase-ui-auth:7.2.0] AndroidManifest.xml:32:13-58
138        <activity
138-->[com.firebaseui:firebase-ui-auth:7.2.0] AndroidManifest.xml:33:9-37:61
139            android:name="com.firebase.ui.auth.ui.credentials.CredentialSaveActivity"
139-->[com.firebaseui:firebase-ui-auth:7.2.0] AndroidManifest.xml:34:13-86
140            android:exported="false"
140-->[com.firebaseui:firebase-ui-auth:7.2.0] AndroidManifest.xml:35:13-37
141            android:label=""
141-->[com.firebaseui:firebase-ui-auth:7.2.0] AndroidManifest.xml:36:13-29
142            android:theme="@style/FirebaseUI.Transparent" />
142-->[com.firebaseui:firebase-ui-auth:7.2.0] AndroidManifest.xml:37:13-58
143        <activity
143-->[com.firebaseui:firebase-ui-auth:7.2.0] AndroidManifest.xml:38:9-42:58
144            android:name="com.firebase.ui.auth.ui.email.RecoverPasswordActivity"
144-->[com.firebaseui:firebase-ui-auth:7.2.0] AndroidManifest.xml:39:13-81
145            android:exported="false"
145-->[com.firebaseui:firebase-ui-auth:7.2.0] AndroidManifest.xml:40:13-37
146            android:label="@string/fui_title_recover_password_activity"
146-->[com.firebaseui:firebase-ui-auth:7.2.0] AndroidManifest.xml:41:13-72
147            android:windowSoftInputMode="adjustResize" />
147-->[com.firebaseui:firebase-ui-auth:7.2.0] AndroidManifest.xml:42:13-55
148        <activity
148-->[com.firebaseui:firebase-ui-auth:7.2.0] AndroidManifest.xml:43:9-47:58
149            android:name="com.firebase.ui.auth.ui.email.EmailActivity"
149-->[com.firebaseui:firebase-ui-auth:7.2.0] AndroidManifest.xml:44:13-71
150            android:exported="false"
150-->[com.firebaseui:firebase-ui-auth:7.2.0] AndroidManifest.xml:45:13-37
151            android:label="@string/fui_sign_in_default"
151-->[com.firebaseui:firebase-ui-auth:7.2.0] AndroidManifest.xml:46:13-56
152            android:windowSoftInputMode="adjustResize" />
152-->[com.firebaseui:firebase-ui-auth:7.2.0] AndroidManifest.xml:47:13-55
153        <activity
153-->[com.firebaseui:firebase-ui-auth:7.2.0] AndroidManifest.xml:48:9-52:77
154            android:name="com.firebase.ui.auth.ui.phone.PhoneActivity"
154-->[com.firebaseui:firebase-ui-auth:7.2.0] AndroidManifest.xml:49:13-71
155            android:exported="false"
155-->[com.firebaseui:firebase-ui-auth:7.2.0] AndroidManifest.xml:50:13-37
156            android:label="@string/fui_sign_in_with_phone_number"
156-->[com.firebaseui:firebase-ui-auth:7.2.0] AndroidManifest.xml:51:13-66
157            android:windowSoftInputMode="adjustResize|stateAlwaysVisible" />
157-->[com.firebaseui:firebase-ui-auth:7.2.0] AndroidManifest.xml:52:13-74
158        <activity
158-->[com.firebaseui:firebase-ui-auth:7.2.0] AndroidManifest.xml:53:9-57:58
159            android:name="com.firebase.ui.auth.ui.idp.WelcomeBackIdpPrompt"
159-->[com.firebaseui:firebase-ui-auth:7.2.0] AndroidManifest.xml:54:13-76
160            android:exported="false"
160-->[com.firebaseui:firebase-ui-auth:7.2.0] AndroidManifest.xml:55:13-37
161            android:label="@string/fui_title_welcome_back_idp_prompt"
161-->[com.firebaseui:firebase-ui-auth:7.2.0] AndroidManifest.xml:56:13-70
162            android:windowSoftInputMode="adjustResize" />
162-->[com.firebaseui:firebase-ui-auth:7.2.0] AndroidManifest.xml:57:13-55
163        <activity
163-->[com.firebaseui:firebase-ui-auth:7.2.0] AndroidManifest.xml:58:9-62:58
164            android:name="com.firebase.ui.auth.ui.email.WelcomeBackPasswordPrompt"
164-->[com.firebaseui:firebase-ui-auth:7.2.0] AndroidManifest.xml:59:13-83
165            android:exported="false"
165-->[com.firebaseui:firebase-ui-auth:7.2.0] AndroidManifest.xml:60:13-37
166            android:label="@string/fui_title_welcome_back_password_prompt"
166-->[com.firebaseui:firebase-ui-auth:7.2.0] AndroidManifest.xml:61:13-75
167            android:windowSoftInputMode="adjustResize" />
167-->[com.firebaseui:firebase-ui-auth:7.2.0] AndroidManifest.xml:62:13-55
168        <activity
168-->[com.firebaseui:firebase-ui-auth:7.2.0] AndroidManifest.xml:63:9-67:58
169            android:name="com.firebase.ui.auth.ui.email.WelcomeBackEmailLinkPrompt"
169-->[com.firebaseui:firebase-ui-auth:7.2.0] AndroidManifest.xml:64:13-84
170            android:exported="false"
170-->[com.firebaseui:firebase-ui-auth:7.2.0] AndroidManifest.xml:65:13-37
171            android:label="@string/fui_title_welcome_back_password_prompt"
171-->[com.firebaseui:firebase-ui-auth:7.2.0] AndroidManifest.xml:66:13-75
172            android:windowSoftInputMode="adjustResize" />
172-->[com.firebaseui:firebase-ui-auth:7.2.0] AndroidManifest.xml:67:13-55
173        <activity
173-->[com.firebaseui:firebase-ui-auth:7.2.0] AndroidManifest.xml:68:9-73:58
174            android:name="com.firebase.ui.auth.ui.email.EmailLinkCatcherActivity"
174-->[com.firebaseui:firebase-ui-auth:7.2.0] AndroidManifest.xml:69:13-82
175            android:exported="false"
175-->[com.firebaseui:firebase-ui-auth:7.2.0] AndroidManifest.xml:70:13-37
176            android:label=""
176-->[com.firebaseui:firebase-ui-auth:7.2.0] AndroidManifest.xml:71:13-29
177            android:theme="@style/FirebaseUI.Transparent"
177-->[com.firebaseui:firebase-ui-auth:7.2.0] AndroidManifest.xml:72:13-58
178            android:windowSoftInputMode="adjustResize" />
178-->[com.firebaseui:firebase-ui-auth:7.2.0] AndroidManifest.xml:73:13-55
179        <activity
179-->[com.firebaseui:firebase-ui-auth:7.2.0] AndroidManifest.xml:74:9-78:58
180            android:name="com.firebase.ui.auth.ui.email.EmailLinkErrorRecoveryActivity"
180-->[com.firebaseui:firebase-ui-auth:7.2.0] AndroidManifest.xml:75:13-88
181            android:exported="false"
181-->[com.firebaseui:firebase-ui-auth:7.2.0] AndroidManifest.xml:76:13-37
182            android:label="@string/fui_sign_in_default"
182-->[com.firebaseui:firebase-ui-auth:7.2.0] AndroidManifest.xml:77:13-56
183            android:windowSoftInputMode="adjustResize" />
183-->[com.firebaseui:firebase-ui-auth:7.2.0] AndroidManifest.xml:78:13-55
184        <activity
184-->[com.firebaseui:firebase-ui-auth:7.2.0] AndroidManifest.xml:79:9-82:65
185            android:name="com.firebase.ui.auth.ui.idp.AuthMethodPickerActivity"
185-->[com.firebaseui:firebase-ui-auth:7.2.0] AndroidManifest.xml:80:13-80
186            android:exported="false"
186-->[com.firebaseui:firebase-ui-auth:7.2.0] AndroidManifest.xml:81:13-37
187            android:label="@string/fui_default_toolbar_title" />
187-->[com.firebaseui:firebase-ui-auth:7.2.0] AndroidManifest.xml:82:13-62
188        <activity
188-->[com.firebaseui:firebase-ui-auth:7.2.0] AndroidManifest.xml:83:9-87:48
189            android:name="com.facebook.FacebookActivity"
189-->[com.firebaseui:firebase-ui-auth:7.2.0] AndroidManifest.xml:84:13-57
190            android:configChanges="keyboard|keyboardHidden|screenLayout|screenSize|orientation"
190-->[com.firebaseui:firebase-ui-auth:7.2.0] AndroidManifest.xml:85:13-96
191            android:label="@string/app_name"
191-->[com.firebaseui:firebase-ui-auth:7.2.0] AndroidManifest.xml:86:13-45
192            android:theme="@style/com_facebook_activity_theme" />
192-->[com.facebook.android:facebook-common:4.42.0] AndroidManifest.xml:32:13-63
193        <activity
193-->[com.firebaseui:firebase-ui-auth:7.2.0] AndroidManifest.xml:88:9-100:20
194            android:name="com.facebook.CustomTabActivity"
194-->[com.firebaseui:firebase-ui-auth:7.2.0] AndroidManifest.xml:89:13-58
195            android:exported="true" >
195-->[com.firebaseui:firebase-ui-auth:7.2.0] AndroidManifest.xml:90:13-36
196            <intent-filter>
196-->[com.firebaseui:firebase-ui-auth:7.2.0] AndroidManifest.xml:92:13-99:29
197                <action android:name="android.intent.action.VIEW" />
197-->[com.firebaseui:firebase-ui-auth:7.2.0] AndroidManifest.xml:93:17-69
197-->[com.firebaseui:firebase-ui-auth:7.2.0] AndroidManifest.xml:93:25-66
198
199                <category android:name="android.intent.category.DEFAULT" />
199-->[com.firebaseui:firebase-ui-auth:7.2.0] AndroidManifest.xml:95:17-76
199-->[com.firebaseui:firebase-ui-auth:7.2.0] AndroidManifest.xml:95:27-73
200                <category android:name="android.intent.category.BROWSABLE" />
200-->[com.firebaseui:firebase-ui-auth:7.2.0] AndroidManifest.xml:96:17-78
200-->[com.firebaseui:firebase-ui-auth:7.2.0] AndroidManifest.xml:96:27-75
201
202                <data android:scheme="@string/facebook_login_protocol_scheme" />
202-->[com.firebaseui:firebase-ui-auth:7.2.0] AndroidManifest.xml:98:17-81
202-->[com.firebaseui:firebase-ui-auth:7.2.0] AndroidManifest.xml:98:23-78
203            </intent-filter>
204        </activity>
205
206        <provider
206-->[com.firebaseui:firebase-ui-auth:7.2.0] AndroidManifest.xml:102:9-106:38
207            android:name="com.firebase.ui.auth.data.client.AuthUiInitProvider"
207-->[com.firebaseui:firebase-ui-auth:7.2.0] AndroidManifest.xml:103:13-79
208            android:authorities="com.victorcruz.parking.authuiinitprovider"
208-->[com.firebaseui:firebase-ui-auth:7.2.0] AndroidManifest.xml:104:13-70
209            android:exported="false"
209-->[com.firebaseui:firebase-ui-auth:7.2.0] AndroidManifest.xml:105:13-37
210            android:initOrder="90" />
210-->[com.firebaseui:firebase-ui-auth:7.2.0] AndroidManifest.xml:106:13-35
211
212        <activity
212-->[com.karumi:dexter:6.2.3] AndroidManifest.xml:27:9-29:72
213            android:name="com.karumi.dexter.DexterActivity"
213-->[com.karumi:dexter:6.2.3] AndroidManifest.xml:28:13-60
214            android:theme="@style/Dexter.Internal.Theme.Transparent" />
214-->[com.karumi:dexter:6.2.3] AndroidManifest.xml:29:13-69
215        <activity android:name="com.facebook.CustomTabMainActivity" />
215-->[com.facebook.android:facebook-common:4.42.0] AndroidManifest.xml:33:9-71
215-->[com.facebook.android:facebook-common:4.42.0] AndroidManifest.xml:33:19-68
216        <activity
216-->[com.google.android.gms:play-services-auth:19.2.0] AndroidManifest.xml:23:9-27:75
217            android:name="com.google.android.gms.auth.api.signin.internal.SignInHubActivity"
217-->[com.google.android.gms:play-services-auth:19.2.0] AndroidManifest.xml:24:13-93
218            android:excludeFromRecents="true"
218-->[com.google.android.gms:play-services-auth:19.2.0] AndroidManifest.xml:25:13-46
219            android:exported="false"
219-->[com.google.android.gms:play-services-auth:19.2.0] AndroidManifest.xml:26:13-37
220            android:theme="@android:style/Theme.Translucent.NoTitleBar" />
220-->[com.google.android.gms:play-services-auth:19.2.0] AndroidManifest.xml:27:13-72
221        <!--
222            Service handling Google Sign-In user revocation. For apps that do not integrate with
223            Google Sign-In, this service will never be started.
224        -->
225        <service
225-->[com.google.android.gms:play-services-auth:19.2.0] AndroidManifest.xml:33:9-37:51
226            android:name="com.google.android.gms.auth.api.signin.RevocationBoundService"
226-->[com.google.android.gms:play-services-auth:19.2.0] AndroidManifest.xml:34:13-89
227            android:exported="true"
227-->[com.google.android.gms:play-services-auth:19.2.0] AndroidManifest.xml:35:13-36
228            android:permission="com.google.android.gms.auth.api.signin.permission.REVOCATION_NOTIFICATION"
228-->[com.google.android.gms:play-services-auth:19.2.0] AndroidManifest.xml:36:13-107
229            android:visibleToInstantApps="true" />
229-->[com.google.android.gms:play-services-auth:19.2.0] AndroidManifest.xml:37:13-48
230
231        <activity
231-->[com.journeyapps:zxing-android-embedded:3.4.0] AndroidManifest.xml:46:9-52:63
232            android:name="com.journeyapps.barcodescanner.CaptureActivity"
232-->[com.journeyapps:zxing-android-embedded:3.4.0] AndroidManifest.xml:47:13-74
233            android:clearTaskOnLaunch="true"
233-->[com.journeyapps:zxing-android-embedded:3.4.0] AndroidManifest.xml:48:13-45
234            android:screenOrientation="sensorLandscape"
234-->[com.journeyapps:zxing-android-embedded:3.4.0] AndroidManifest.xml:49:13-56
235            android:stateNotNeeded="true"
235-->[com.journeyapps:zxing-android-embedded:3.4.0] AndroidManifest.xml:50:13-42
236            android:theme="@style/zxing_CaptureTheme"
236-->[com.journeyapps:zxing-android-embedded:3.4.0] AndroidManifest.xml:51:13-54
237            android:windowSoftInputMode="stateAlwaysHidden" />
237-->[com.journeyapps:zxing-android-embedded:3.4.0] AndroidManifest.xml:52:13-60
238        <activity
238-->[com.google.firebase:firebase-auth:21.0.1] AndroidManifest.xml:27:9-44:20
239            android:name="com.google.firebase.auth.internal.GenericIdpActivity"
239-->[com.google.firebase:firebase-auth:21.0.1] AndroidManifest.xml:28:13-80
240            android:excludeFromRecents="true"
240-->[com.google.firebase:firebase-auth:21.0.1] AndroidManifest.xml:29:13-46
241            android:exported="true"
241-->[com.google.firebase:firebase-auth:21.0.1] AndroidManifest.xml:30:13-36
242            android:launchMode="singleTask"
242-->[com.google.firebase:firebase-auth:21.0.1] AndroidManifest.xml:31:13-44
243            android:theme="@android:style/Theme.Translucent.NoTitleBar" >
243-->[com.google.firebase:firebase-auth:21.0.1] AndroidManifest.xml:32:13-72
244            <intent-filter>
244-->[com.google.firebase:firebase-auth:21.0.1] AndroidManifest.xml:33:13-43:29
245                <action android:name="android.intent.action.VIEW" />
245-->[com.firebaseui:firebase-ui-auth:7.2.0] AndroidManifest.xml:93:17-69
245-->[com.firebaseui:firebase-ui-auth:7.2.0] AndroidManifest.xml:93:25-66
246
247                <category android:name="android.intent.category.DEFAULT" />
247-->[com.firebaseui:firebase-ui-auth:7.2.0] AndroidManifest.xml:95:17-76
247-->[com.firebaseui:firebase-ui-auth:7.2.0] AndroidManifest.xml:95:27-73
248                <category android:name="android.intent.category.BROWSABLE" />
248-->[com.firebaseui:firebase-ui-auth:7.2.0] AndroidManifest.xml:96:17-78
248-->[com.firebaseui:firebase-ui-auth:7.2.0] AndroidManifest.xml:96:27-75
249
250                <data
250-->[com.firebaseui:firebase-ui-auth:7.2.0] AndroidManifest.xml:98:17-81
251                    android:host="firebase.auth"
252                    android:path="/"
253                    android:scheme="genericidp" />
253-->[com.firebaseui:firebase-ui-auth:7.2.0] AndroidManifest.xml:98:23-78
254            </intent-filter>
255        </activity>
256        <activity
256-->[com.google.firebase:firebase-auth:21.0.1] AndroidManifest.xml:45:9-62:20
257            android:name="com.google.firebase.auth.internal.RecaptchaActivity"
257-->[com.google.firebase:firebase-auth:21.0.1] AndroidManifest.xml:46:13-79
258            android:excludeFromRecents="true"
258-->[com.google.firebase:firebase-auth:21.0.1] AndroidManifest.xml:47:13-46
259            android:exported="true"
259-->[com.google.firebase:firebase-auth:21.0.1] AndroidManifest.xml:48:13-36
260            android:launchMode="singleTask"
260-->[com.google.firebase:firebase-auth:21.0.1] AndroidManifest.xml:49:13-44
261            android:theme="@android:style/Theme.Translucent.NoTitleBar" >
261-->[com.google.firebase:firebase-auth:21.0.1] AndroidManifest.xml:50:13-72
262            <intent-filter>
262-->[com.google.firebase:firebase-auth:21.0.1] AndroidManifest.xml:51:13-61:29
263                <action android:name="android.intent.action.VIEW" />
263-->[com.firebaseui:firebase-ui-auth:7.2.0] AndroidManifest.xml:93:17-69
263-->[com.firebaseui:firebase-ui-auth:7.2.0] AndroidManifest.xml:93:25-66
264
265                <category android:name="android.intent.category.DEFAULT" />
265-->[com.firebaseui:firebase-ui-auth:7.2.0] AndroidManifest.xml:95:17-76
265-->[com.firebaseui:firebase-ui-auth:7.2.0] AndroidManifest.xml:95:27-73
266                <category android:name="android.intent.category.BROWSABLE" />
266-->[com.firebaseui:firebase-ui-auth:7.2.0] AndroidManifest.xml:96:17-78
266-->[com.firebaseui:firebase-ui-auth:7.2.0] AndroidManifest.xml:96:27-75
267
268                <data
268-->[com.firebaseui:firebase-ui-auth:7.2.0] AndroidManifest.xml:98:17-81
269                    android:host="firebase.auth"
270                    android:path="/"
271                    android:scheme="recaptcha" />
271-->[com.firebaseui:firebase-ui-auth:7.2.0] AndroidManifest.xml:98:23-78
272            </intent-filter>
273        </activity>
274
275        <service
275-->[com.google.firebase:firebase-auth:21.0.1] AndroidManifest.xml:64:9-73:19
276            android:name="com.google.firebase.auth.api.fallback.service.FirebaseAuthFallbackService"
276-->[com.google.firebase:firebase-auth:21.0.1] AndroidManifest.xml:65:13-101
277            android:enabled="true"
277-->[com.google.firebase:firebase-auth:21.0.1] AndroidManifest.xml:66:13-35
278            android:exported="false" >
278-->[com.google.firebase:firebase-auth:21.0.1] AndroidManifest.xml:67:13-37
279            <intent-filter>
279-->[com.google.firebase:firebase-auth:21.0.1] AndroidManifest.xml:68:13-72:29
280                <action android:name="com.google.firebase.auth.api.gms.service.START" />
280-->[com.google.firebase:firebase-auth:21.0.1] AndroidManifest.xml:69:17-89
280-->[com.google.firebase:firebase-auth:21.0.1] AndroidManifest.xml:69:25-86
281
282                <category android:name="android.intent.category.DEFAULT" />
282-->[com.firebaseui:firebase-ui-auth:7.2.0] AndroidManifest.xml:95:17-76
282-->[com.firebaseui:firebase-ui-auth:7.2.0] AndroidManifest.xml:95:27-73
283            </intent-filter>
284        </service>
285        <service
285-->[com.google.firebase:firebase-auth:21.0.1] AndroidManifest.xml:74:9-80:19
286            android:name="com.google.firebase.components.ComponentDiscoveryService"